2020-07-06 18:09:05,955 Query Entity Profiles	:	5742
2020-07-06 18:09:09,224 BlockIndex size: 283812
2020-07-06 18:09:09,281 JoinedBlockIndex size 28078
2020-07-06 18:09:09,351 QueryBLocking - Blocks Ready	:	18146
2020-07-06 18:09:09,400 B Purging - Blocks Ready	:	18135
2020-07-06 18:09:09,515 B Filtering - Blocks Ready	:	17914
2020-07-06 18:09:10,098 Joined Entity Profiles	:	114229
2020-07-06 18:09:16,017 Matches Found 1250
2020-07-06 18:09:16,017 Total Comparisons 106980
2020-07-06 18:09:17,050 BlockIndex size: 77685
2020-07-06 18:09:17,065 JoinedBlockIndex size 6412
2020-07-06 18:09:17,081 QueryBLocking - Blocks Ready	:	4038
2020-07-06 18:09:17,089 B Purging - Blocks Ready	:	4018
2020-07-06 18:09:17,097 B Filtering - Blocks Ready	:	3675
2020-07-06 18:09:17,272 Joined Entity Profiles	:	30624
2020-07-06 18:09:18,271 Matches Found 3288
2020-07-06 18:09:18,275 Total Comparisons 23704
2020-07-06 18:09:22,827 Joined size: 1806230
2020-07-06 18:09:22,827 Final Size: 1806230
2020-07-06 18:09:23,325 Query Entity Profiles	:	2784
2020-07-06 18:09:23,750 BlockIndex size: 77685
2020-07-06 18:09:23,762 JoinedBlockIndex size 7122
2020-07-06 18:09:23,776 QueryBLocking - Blocks Ready	:	4325
2020-07-06 18:09:23,784 B Purging - Blocks Ready	:	4305
2020-07-06 18:09:23,796 B Filtering - Blocks Ready	:	3945
2020-07-06 18:09:23,968 Joined Entity Profiles	:	31022
2020-07-06 18:09:24,951 Matches Found 1324
2020-07-06 18:09:24,951 Total Comparisons 24296
2020-07-06 18:09:30,179 BlockIndex size: 283812
2020-07-06 18:09:30,262 JoinedBlockIndex size 180534
2020-07-06 18:09:30,318 QueryBLocking - Blocks Ready	:	63293
2020-07-06 18:09:30,366 B Purging - Blocks Ready	:	63282
2020-07-06 18:09:30,432 B Filtering - Blocks Ready	:	62087
2020-07-06 18:09:35,307 Joined Entity Profiles	:	114383
2020-07-06 18:10:02,892 Matches Found 10901
2020-07-06 18:10:02,892 Total Comparisons 559744
2020-07-06 18:10:25,929 Joined size: 6811038
2020-07-06 18:10:25,929 Final Size: 6811038
2020-07-06 18:10:27,045 Query Entity Profiles	:	5742
2020-07-06 18:10:28,473 BlockIndex size: 283812
2020-07-06 18:10:28,510 JoinedBlockIndex size 28078
2020-07-06 18:10:28,541 QueryBLocking - Blocks Ready	:	18146
2020-07-06 18:10:28,556 B Purging - Blocks Ready	:	18135
2020-07-06 18:10:28,591 B Filtering - Blocks Ready	:	17914
2020-07-06 18:10:29,003 Joined Entity Profiles	:	114229
2020-07-06 18:10:46,103 Matches Found 1250
2020-07-06 18:10:46,103 Total Comparisons 106980
2020-07-06 18:10:46,275 Query Entity Profiles	:	2784
2020-07-06 18:10:46,579 BlockIndex size: 77685
2020-07-06 18:10:46,593 JoinedBlockIndex size 7122
2020-07-06 18:10:46,605 QueryBLocking - Blocks Ready	:	4325
2020-07-06 18:10:46,606 B Purging - Blocks Ready	:	4305
2020-07-06 18:10:46,611 B Filtering - Blocks Ready	:	3945
2020-07-06 18:10:46,801 Joined Entity Profiles	:	31022
2020-07-06 18:10:47,649 Matches Found 1324
2020-07-06 18:10:47,649 Total Comparisons 24296
2020-07-06 18:10:48,388 Joined size: 394254
2020-07-06 18:10:48,388 Final Size: 394254
