2020-07-06 18:15:28,369 Query Entity Profiles	:	11448
2020-07-06 18:15:30,560 BlockIndex size: 283812
2020-07-06 18:15:30,636 JoinedBlockIndex size 48769
2020-07-06 18:15:30,708 QueryBLocking - Blocks Ready	:	28864
2020-07-06 18:15:30,771 B Purging - Blocks Ready	:	28853
2020-07-06 18:15:30,914 B Filtering - Blocks Ready	:	28442
2020-07-06 18:15:32,180 Joined Entity Profiles	:	114346
2020-07-06 18:15:46,467 Matches Found 2440
2020-07-06 18:15:46,468 Total Comparisons 185533
2020-07-06 18:15:49,047 BlockIndex size: 77685
2020-07-06 18:15:49,068 JoinedBlockIndex size 10657
2020-07-06 18:15:49,088 QueryBLocking - Blocks Ready	:	6258
2020-07-06 18:15:49,101 B Purging - Blocks Ready	:	6237
2020-07-06 18:15:49,115 B Filtering - Blocks Ready	:	5666
2020-07-06 18:15:49,311 Joined Entity Profiles	:	32987
2020-07-06 18:15:51,224 Matches Found 3578
2020-07-06 18:15:51,224 Total Comparisons 36919
2020-07-06 18:15:59,425 Joined size: 3380421
2020-07-06 18:15:59,426 Final Size: 3380421
2020-07-06 18:15:59,888 Query Entity Profiles	:	5531
2020-07-06 18:16:06,061 BlockIndex size: 77685
2020-07-06 18:16:06,077 JoinedBlockIndex size 12613
2020-07-06 18:16:06,094 QueryBLocking - Blocks Ready	:	7004
2020-07-06 18:16:06,105 B Purging - Blocks Ready	:	6983
2020-07-06 18:16:06,118 B Filtering - Blocks Ready	:	6287
2020-07-06 18:16:06,352 Joined Entity Profiles	:	33632
2020-07-06 18:16:08,148 Matches Found 2451
2020-07-06 18:16:08,148 Total Comparisons 40465
2020-07-06 18:16:13,931 BlockIndex size: 283812
2020-07-06 18:16:14,000 JoinedBlockIndex size 186753
2020-07-06 18:16:14,059 QueryBLocking - Blocks Ready	:	65355
2020-07-06 18:16:14,109 B Purging - Blocks Ready	:	65344
2020-07-06 18:16:14,185 B Filtering - Blocks Ready	:	64077
2020-07-06 18:16:14,736 Joined Entity Profiles	:	114383
2020-07-06 18:16:47,807 Matches Found 11124
2020-07-06 18:16:47,807 Total Comparisons 556696
2020-07-06 18:17:48,311 Joined size: 10685634
2020-07-06 18:17:48,311 Final Size: 10685634
2020-07-06 18:18:06,309 Query Entity Profiles	:	11448
2020-07-06 18:18:07,457 BlockIndex size: 283812
2020-07-06 18:18:07,504 JoinedBlockIndex size 48769
2020-07-06 18:18:07,544 QueryBLocking - Blocks Ready	:	28864
2020-07-06 18:18:07,590 B Purging - Blocks Ready	:	28853
2020-07-06 18:18:07,661 B Filtering - Blocks Ready	:	28442
2020-07-06 18:18:08,190 Joined Entity Profiles	:	114346
2020-07-06 18:18:18,107 Matches Found 2440
2020-07-06 18:18:18,107 Total Comparisons 185533
2020-07-06 18:18:18,269 Query Entity Profiles	:	5531
2020-07-06 18:18:18,660 BlockIndex size: 77685
2020-07-06 18:18:18,675 JoinedBlockIndex size 12613
2020-07-06 18:18:18,687 QueryBLocking - Blocks Ready	:	7004
2020-07-06 18:18:18,691 B Purging - Blocks Ready	:	6983
2020-07-06 18:18:18,697 B Filtering - Blocks Ready	:	6287
2020-07-06 18:18:18,811 Joined Entity Profiles	:	33632
2020-07-06 18:18:20,235 Matches Found 2451
2020-07-06 18:18:20,235 Total Comparisons 40465
2020-07-06 18:18:22,402 Joined size: 1250464
2020-07-06 18:18:22,402 Final Size: 1250464
